-------------------------------------------------------------------------------
Test set: org.lilacseeking.video.videoApi.VideoApiApplicationTests
-------------------------------------------------------------------------------
Tests run: 1, Failures: 0, Errors: 1, Skipped: 0, Time elapsed: 0.631 s <<< FAILURE! - in org.lilacseeking.video.videoApi.VideoApiApplicationTests
initializationError(org.lilacseeking.video.videoApi.VideoApiApplicationTests)  Time elapsed: 0.001 s  <<< ERROR!
java.lang.IllegalStateException: Unable to find a @SpringBootConfiguration, you need to use @ContextConfiguration or @SpringBootTest(classes=...) with your test

