<?xml version="1.0" encoding="UTF-8"?>
<testsuite xmlns:xsi="http://www.w3.org/2001/XMLSchema-instance" xsi:noNamespaceSchemaLocation="https://maven.apache.org/surefire/maven-surefire-plugin/xsd/surefire-test-report.xsd" name="org.lilacseeking.video.videoApi.VideoApiApplicationTests" time="0.631" tests="1" errors="1" skipped="0" failures="0">
  <properties>
[...]
</properties>
  <testcase name="initializationError" classname="org.lilacseeking.video.videoApi.VideoApiApplicationTests" time="0.001">
    <error message="Unable to find a @SpringBootConfiguration, you need to use @ContextConfiguration or @SpringBootTest(classes=...) with your test" type="java.lang.IllegalStateException">java.lang.IllegalStateException: Unable to find a @SpringBootConfiguration, you need to use @ContextConfiguration or @SpringBootTest(classes=...) with your test
</error>
    <system-out><![CDATA[19:11:30.773 [main] DEBUG org.springframework.test.context.junit4.SpringJUnit4ClassRunner - SpringJUnit4ClassRunner constructor called with [class org.lilacseeking.video.videoApi.VideoApiApplicationTests]
19:11:30.779 [main] DEBUG org.springframework.test.context.BootstrapUtils - Instantiating CacheAwareContextLoaderDelegate from class [org.springframework.test.context.cache.DefaultCacheAwareContextLoaderDelegate]
19:11:30.804 [main] DEBUG org.springframework.test.context.BootstrapUtils - Instantiating BootstrapContext using constructor [public org.springframework.test.context.support.DefaultBootstrapContext(java.lang.Class,org.springframework.test.context.CacheAwareContextLoaderDelegate)]
19:11:30.822 [main] DEBUG org.springframework.test.context.BootstrapUtils - Instantiating TestContextBootstrapper for test class [org.lilacseeking.video.videoApi.VideoApiApplicationTests] from class [org.springframework.boot.test.context.SpringBootTestContextBootstrapper]
19:11:30.856 [main] INFO org.springframework.boot.test.context.SpringBootTestContextBootstrapper - Neither @ContextConfiguration nor @ContextHierarchy found for test class [org.lilacseeking.video.videoApi.VideoApiApplicationTests], using SpringBootContextLoader
19:11:30.859 [main] DEBUG org.springframework.test.context.support.AbstractContextLoader - Did not detect default resource location for test class [org.lilacseeking.video.videoApi.VideoApiApplicationTests]: class path resource [org/lilacseeking/video/videoApi/VideoApiApplicationTests-context.xml] does not exist
19:11:30.860 [main] DEBUG org.springframework.test.context.support.AbstractContextLoader - Did not detect default resource location for test class [org.lilacseeking.video.videoApi.VideoApiApplicationTests]: class path resource [org/lilacseeking/video/videoApi/VideoApiApplicationTestsContext.groovy] does not exist
19:11:30.860 [main] INFO org.springframework.test.context.support.AbstractContextLoader - Could not detect default resource locations for test class [org.lilacseeking.video.videoApi.VideoApiApplicationTests]: no resource found for suffixes {-context.xml, Context.groovy}.
19:11:30.860 [main] INFO org.springframework.test.context.support.AnnotationConfigContextLoaderUtils - Could not detect default configuration classes for test class [org.lilacseeking.video.videoApi.VideoApiApplicationTests]: VideoApiApplicationTests does not declare any static, non-private, non-final, nested classes annotated with @Configuration.
19:11:30.920 [main] DEBUG org.springframework.test.context.support.ActiveProfilesUtils - Could not find an 'annotation declaring class' for annotation type [org.springframework.test.context.ActiveProfiles] and class [org.lilacseeking.video.videoApi.VideoApiApplicationTests]
]]></system-out>
  </testcase>
</testsuite>